
> liquitask@1.0.0 test
> vitest src/hooks/__tests__/useSearchHistory.test.ts --run


[7m[1m[36m RUN [39m[22m[27m [36mv1.6.1[39m [90mC:/Users/bhara/Downloads/Code/LiquiTask[39m

 [33mÎ“Â¥Â»[39m src/hooks/__tests__/useSearchHistory.test.ts [2m ([22m[2m8 tests[22m [2m|[22m [31m3 failed[39m[2m)[22m[90m 37[2mms[22m[39m
[31m   [33mÎ“Â¥Â»[31m src/hooks/__tests__/useSearchHistory.test.ts[2m > [22museSearchHistory[2m > [22mshould remove from history[39m
[31m     Î“Ã¥Ã† expected [] to have a length of 1 but got +0[39m
[31m   [33mÎ“Â¥Â»[31m src/hooks/__tests__/useSearchHistory.test.ts[2m > [22museSearchHistory[2m > [22mshould clear history but keep saved items[39m
[31m     Î“Ã¥Ã† expected [ { Î“Ã‡Âª(4) }, { Î“Ã‡Âª(4) } ] to have a length of 1 but got 2[39m
[31m   [33mÎ“Â¥Â»[31m src/hooks/__tests__/useSearchHistory.test.ts[2m > [22museSearchHistory[2m > [22mshould get saved searches[39m
[31m     Î“Ã¥Ã† expected [ { Î“Ã‡Âª(4) }, { Î“Ã‡Âª(4) } ] to have a length of 1 but got 2[39m

Î“Ã„Â»Î“Ã„Â»Î“Ã„Â»Î“Ã„Â»Î“Ã„Â»Î“Ã„Â»Î“Ã„Â» Failed Tests 3 Î“Ã„Â»Î“Ã„Â»Î“Ã„Â»Î“Ã„Â»Î“Ã„Â»Î“Ã„Â»Î“Ã„Â»

 FAIL  src/hooks/__tests__/useSearchHistory.test.ts > useSearchHistory > should remove from history
AssertionError: expected [] to have a length of 1 but got +0

- Expected
+ Received

- 1
+ 0

 Î“Â¥Â» src/hooks/__tests__/useSearchHistory.test.ts:76:40
     74|         });
     75| 
     76|         expect(result.current.history).toHaveLength(1);
       |                                        ^
     77|     });
     78| 

Î“Ã„Â»Î“Ã„Â»Î“Ã„Â»Î“Ã„Â»Î“Ã„Â»Î“Ã„Â»Î“Ã„Â»Î“Ã„Â»Î“Ã„Â»Î“Ã„Â»Î“Ã„Â»Î“Ã„Â»Î“Ã„Â»Î“Ã„Â»Î“Ã„Â»Î“Ã„Â»Î“Ã„Â»Î“Ã„Â»Î“Ã„Â»Î“Ã„Â»Î“Ã„Â»Î“Ã„Â»Î“Ã„Â»Î“Ã„Â»[1/3]Î“Ã„Â»

 FAIL  src/hooks/__tests__/useSearchHistory.test.ts > useSearchHistory > should clear history but keep saved items
AssertionError: expected [ { Î“Ã‡Âª(4) }, { Î“Ã‡Âª(4) } ] to have a length of 1 but got 2

- Expected
+ Received

- 1
+ 2

 Î“Â¥Â» src/hooks/__tests__/useSearchHistory.test.ts:96:40
     94|         });
     95| 
     96|         expect(result.current.history).toHaveLength(1);
       |                                        ^
     97|         expect(result.current.history[0].isSaved).toBe(true);
     98|     });

Î“Ã„Â»Î“Ã„Â»Î“Ã„Â»Î“Ã„Â»Î“Ã„Â»Î“Ã„Â»Î“Ã„Â»Î“Ã„Â»Î“Ã„Â»Î“Ã„Â»Î“Ã„Â»Î“Ã„Â»Î“Ã„Â»Î“Ã„Â»Î“Ã„Â»Î“Ã„Â»Î“Ã„Â»Î“Ã„Â»Î“Ã„Â»Î“Ã„Â»Î“Ã„Â»Î“Ã„Â»Î“Ã„Â»Î“Ã„Â»[2/3]Î“Ã„Â»

 FAIL  src/hooks/__tests__/useSearchHistory.test.ts > useSearchHistory > should get saved searches
AssertionError: expected [ { Î“Ã‡Âª(4) }, { Î“Ã‡Âª(4) } ] to have a length of 1 but got 2

- Expected
+ Received

- 1
+ 2

 Î“Â¥Â» src/hooks/__tests__/useSearchHistory.test.ts:127:23
    125| 
    126|         const saved = result.current.getSavedSearches();
    127|         expect(saved).toHaveLength(1);
       |                       ^
    128|         expect(saved[0].query).toBe('query 1');
    129|     });

Î“Ã„Â»Î“Ã„Â»Î“Ã„Â»Î“Ã„Â»Î“Ã„Â»Î“Ã„Â»Î“Ã„Â»Î“Ã„Â»Î“Ã„Â»Î“Ã„Â»Î“Ã„Â»Î“Ã„Â»Î“Ã„Â»Î“Ã„Â»Î“Ã„Â»Î“Ã„Â»Î“Ã„Â»Î“Ã„Â»Î“Ã„Â»Î“Ã„Â»Î“Ã„Â»Î“Ã„Â»Î“Ã„Â»Î“Ã„Â»[3/3]Î“Ã„Â»

[2m Test Files [22m [1m[31m1 failed[39m[22m[90m (1)[39m
[2m      Tests [22m [1m[31m3 failed[39m[22m[2m | [22m[1m[32m5 passed[39m[22m[90m (8)[39m
[2m   Start at [22m 07:15:32
[2m   Duration [22m 1.97s[2m (transform 54ms, setup 130ms, collect 380ms, tests 37ms, environment 714ms, prepare 144ms)[22m

